<?xml version="1.0" encoding="UTF-8"?>
<!-- Generated by org.testng.reporters.JUnitXMLReporter -->
<testsuite ignored="0" hostname="DESKTOP-IE1H23R" failures="1" tests="1" name="opencartTest" time="24.27" errors="0" timestamp="2023-04-20T12:41:34 IST">
  <testcase classname="testCases.TC_002_AccoutLoginPage" name="test_login" time="12.288">
    <failure type="java.lang.AssertionError" message="Invalid Login Data expected [true] but found [false]">
      <![CDATA[java.lang.AssertionError: Invalid Login Data expected [true] but found [false]
at testCases.TC_002_AccoutLoginPage.test_login(TC_002_AccoutLoginPage.java:44)
at java.base/java.util.ArrayList.forEach(ArrayList.java:1541)
... Removed 37 stack frames]]>
    </failure>
  </testcase> <!-- test_login -->
</testsuite> <!-- opencartTest -->
